生成启动时间为 2017/9/19 12:47:55。
     1>项目“D:\visual2012\俄罗斯方块\Draw\Draw.vcxproj”在节点 2 上(Build 个目标)。
     1>ClCompile:
         D:\visual2012\VC\bin\CL.exe /c /ZI /nologo /W3 /WX- /Od /Oy- /D WIN32 /D _DEBUG /D _CONSOLE /D _UNICODE /D UNICODE /Gm /EHsc /RTC1 /MDd /GS /fp:precise /Zc:wchar_t /Zc:forScope /Yc"stdafx.h" /Fp"Debug\Draw.pch" /Fo"Debug\\" /Fd"Debug\vc110.pdb" /Gd /TP /analyze- /errorReport:prompt stdafx.cpp
         stdafx.cpp
         D:\visual2012\VC\bin\CL.exe /c /ZI /nologo /W3 /WX- /Od /Oy- /D WIN32 /D _DEBUG /D _CONSOLE /D _UNICODE /D UNICODE /Gm /EHsc /RTC1 /MDd /GS /fp:precise /Zc:wchar_t /Zc:forScope /Yu"stdafx.h" /Fp"Debug\Draw.pch" /Fo"Debug\\" /Fd"Debug\vc110.pdb" /Gd /TP /analyze- /errorReport:prompt BlackBoard.cpp Box.cpp Draw.cpp fL_BLOCK.cpp I_BLOCK.cpp L_BLOCK.cpp square.cpp Tu_BLOCK.cpp UIController.cpp Z_BLOCK.cpp "~Z_BLOCK.cpp"
         ~Z_BLOCK.cpp
         Z_BLOCK.cpp
         UIController.cpp
         Tu_BLOCK.cpp
         square.cpp
         L_BLOCK.cpp
         I_BLOCK.cpp
         fL_BLOCK.cpp
         Draw.cpp
         Box.cpp
         BlackBoard.cpp
         正在生成代码...
       Link:
         D:\visual2012\VC\bin\link.exe /ERRORREPORT:PROMPT /OUT:"D:\visual2012\俄罗斯方块\Debug\Draw.exe" /INCREMENTAL /NOLOGO kernel32.lib user32.lib gdi32.lib winspool.lib comdlg32.lib advapi32.lib shell32.lib ole32.lib oleaut32.lib uuid.lib odbc32.lib odbccp32.lib /MANIFEST /MANIFESTUAC:"level='asInvoker' uiAccess='false'" /manifest:embed /DEBUG /PDB:"D:\visual2012\俄罗斯方块\Debug\Draw.pdb" /SUBSYSTEM:CONSOLE /TLBID:1 /DYNAMICBASE /NXCOMPAT /IMPLIB:"D:\visual2012\俄罗斯方块\Debug\Draw.lib" /MACHINE:X86 /SAFESEH /SAFESEH:NO Debug\BlackBoard.obj
         Debug\Box.obj
         Debug\Draw.obj
         Debug\fL_BLOCK.obj
         Debug\I_BLOCK.obj
         Debug\L_BLOCK.obj
         Debug\square.obj
         Debug\stdafx.obj
         Debug\Tu_BLOCK.obj
         Debug\UIController.obj
         Debug\Z_BLOCK.obj
         "Debug\~Z_BLOCK.obj"
         Draw.vcxproj -> D:\visual2012\俄罗斯方块\Debug\Draw.exe
     1>已完成生成项目“D:\visual2012\俄罗斯方块\Draw\Draw.vcxproj”(Build 个目标)的操作。

生成成功。

已用时间 00:00:41.62
